<?xml version="1.0" encoding="UTF-8"?>
<!-- Generated by org.testng.reporters.JUnitReportReporter -->
<testsuite skipped="2" hostname="Rajasundarams-iMac.local" name="Try1.TestNGAnnotations" tests="2" failures="0" timestamp="2021-05-20T23:31:29 BST" time="0.000" errors="0">
  <testcase name="test2" time="0.000" classname="Try1.TestNGAnnotations">
    <skipped/>
  </testcase> <!-- test2 -->
  <system-out/>
  <testcase name="test1" time="0.000" classname="Try1.TestNGAnnotations">
    <skipped/>
  </testcase> <!-- test1 -->
  <system-out/>
</testsuite> <!-- Try1.TestNGAnnotations -->
