<?xml version="1.0" encoding="UTF-8"?>
<!-- Generated by org.testng.reporters.JUnitReportReporter -->
<testsuite skipped="6" hostname="Rajasundarams-MacBook-Air.local" name="TestNgPractice" tests="6" failures="0" timestamp="2021-04-16T12:23:19 BST" time="0.001" errors="0">
  <testcase name="testTestNg3" time="0.000" classname="TestNgPractice">
    <skipped/>
  </testcase> <!-- testTestNg3 -->
  <system-out/>
  <testcase name="testTestNg6" time="0.000" classname="TestNgPractice">
    <skipped/>
  </testcase> <!-- testTestNg6 -->
  <system-out/>
  <testcase name="testTestNg2" time="0.000" classname="TestNgPractice">
    <skipped/>
  </testcase> <!-- testTestNg2 -->
  <system-out/>
  <testcase name="testTestNg5" time="0.000" classname="TestNgPractice">
    <skipped/>
  </testcase> <!-- testTestNg5 -->
  <system-out/>
  <testcase name="testTestNg4" time="0.000" classname="TestNgPractice">
    <skipped/>
  </testcase> <!-- testTestNg4 -->
  <system-out/>
  <testcase name="testTestNg1" time="0.001" classname="TestNgPractice">
    <skipped/>
  </testcase> <!-- testTestNg1 -->
  <system-out/>
</testsuite> <!-- TestNgPractice -->
