<?xml version="1.0" encoding="UTF-8"?>
<!-- Generated by org.testng.reporters.JUnitReportReporter -->
<testsuite skipped="6" hostname="Rajasundarams-iMac.local" name="Try1.TestNgPractice" tests="6" failures="0" timestamp="2021-05-20T23:31:29 BST" time="0.000" errors="0">
  <testcase name="testTestNg2" time="0.000" classname="Try1.TestNgPractice">
    <skipped/>
  </testcase> <!-- testTestNg2 -->
  <system-out/>
  <testcase name="testTestNg5" time="0.000" classname="Try1.TestNgPractice">
    <skipped/>
  </testcase> <!-- testTestNg5 -->
  <system-out/>
  <testcase name="testTestNg3" time="0.000" classname="Try1.TestNgPractice">
    <skipped/>
  </testcase> <!-- testTestNg3 -->
  <system-out/>
  <testcase name="testTestNg4" time="0.000" classname="Try1.TestNgPractice">
    <skipped/>
  </testcase> <!-- testTestNg4 -->
  <system-out/>
  <testcase name="testTestNg6" time="0.000" classname="Try1.TestNgPractice">
    <skipped/>
  </testcase> <!-- testTestNg6 -->
  <system-out/>
  <testcase name="testTestNg1" time="0.000" classname="Try1.TestNgPractice">
    <skipped/>
  </testcase> <!-- testTestNg1 -->
  <system-out/>
</testsuite> <!-- Try1.TestNgPractice -->
